Aug 19, 2014 1:44:02 PM org.apache.fop.apps.FOURIResolver resolve
SEVERE: Error with opening URL 'http://docbook.sourceforge.net/release/images/draft.png': Operation timed out
Aug 19, 2014 1:44:02 PM org.apache.fop.events.LoggingEventListener processEvent
SEVERE: Image not found. URI: http://docbook.sourceforge.net/release/images/draft.png. (See position -1:-1)
Aug 19, 2014 1:44:02 PM org.apache.fop.events.LoggingEventListener processEvent
SEVERE: Image not found. URI: http://docbook.sourceforge.net/release/images/draft.png. (See position -1:-1)
Aug 19, 2014 1:44:02 PM org.apache.fop.events.LoggingEventListener processEvent
SEVERE: Image not found. URI: http://docbook.sourceforge.net/release/images/draft.png. (See position -1:-1)
Aug 19, 2014 1:44:02 PM org.apache.fop.events.LoggingEventListener processEvent
SEVERE: Image not found. URI: http://docbook.sourceforge.net/release/images/draft.png. (See position -1:-1)
Aug 19, 2014 1:44:02 PM org.apache.fop.events.LoggingEventListener processEvent
SEVERE: Image not found. URI: http://docbook.sourceforge.net/release/images/draft.png. (See position -1:-1)
Aug 19, 2014 1:44:02 PM org.apache.fop.events.LoggingEventListener processEvent
SEVERE: Image not found. URI: http://docbook.sourceforge.net/release/images/draft.png. (See position -1:-1)
Aug 19, 2014 1:44:02 PM org.apache.fop.events.LoggingEventListener processEvent
SEVERE: Image not found. URI: http://docbook.sourceforge.net/release/images/draft.png. (See position -1:-1)
Aug 19, 2014 1:44:02 PM org.apache.fop.events.LoggingEventListener processEvent
SEVERE: Image not found. URI: http://docbook.sourceforge.net/release/images/draft.png. (See position -1:-1)
Aug 19, 2014 1:44:02 PM org.apache.fop.events.LoggingEventListener processEvent
SEVERE: Image not found. URI: http://docbook.sourceforge.net/release/images/draft.png. (See position -1:-1)
Aug 19, 2014 1:44:02 PM org.apache.fop.events.LoggingEventListener processEvent
SEVERE: Image not found. URI: http://docbook.sourceforge.net/release/images/draft.png. (See position -1:-1)
Aug 19, 2014 1:44:02 PM org.apache.fop.events.LoggingEventListener processEvent
SEVERE: Image not found. URI: http://docbook.sourceforge.net/release/images/draft.png. (See position -1:-1)
Aug 19, 2014 1:44:02 PM org.apache.fop.events.LoggingEventListener processEvent
SEVERE: Image not found. URI: http://docbook.sourceforge.net/release/images/draft.png. (See position -1:-1)
Aug 19, 2014 1:44:02 PM org.apache.fop.events.LoggingEventListener processEvent
SEVERE: Image not found. URI: http://docbook.sourceforge.net/release/images/draft.png. (See position -1:-1)
Aug 19, 2014 1:44:02 PM org.apache.fop.events.LoggingEventListener processEvent
SEVERE: Image not found. URI: http://docbook.sourceforge.net/release/images/draft.png. (See position -1:-1)
Aug 19, 2014 1:44:02 PM org.apache.fop.events.LoggingEventListener processEvent
SEVERE: Image not found. URI: http://docbook.sourceforge.net/release/images/draft.png. (See position -1:-1)
Aug 19, 2014 1:44:02 PM org.apache.fop.events.LoggingEventListener processEvent
SEVERE: Image not found. URI: http://docbook.sourceforge.net/release/images/draft.png. (See position -1:-1)
Aug 19, 2014 1:44:02 PM org.apache.fop.events.LoggingEventListener processEvent
SEVERE: Image not found. URI: http://docbook.sourceforge.net/release/images/draft.png. (See position -1:-1)
Aug 19, 2014 1:44:02 PM org.apache.fop.events.LoggingEventListener processEvent
SEVERE: Image not found. URI: http://docbook.sourceforge.net/release/images/draft.png. (See position -1:-1)
Aug 19, 2014 1:44:02 PM org.apache.fop.events.LoggingEventListener processEvent
SEVERE: Image not found. URI: http://docbook.sourceforge.net/release/images/draft.png. (See position -1:-1)
Aug 19, 2014 1:44:02 PM org.apache.fop.events.LoggingEventListener processEvent
WARNING: Font "Symbol,normal,700" not found. Substituting with "Symbol,normal,400".
Aug 19, 2014 1:44:02 PM org.apache.fop.events.LoggingEventListener processEvent
WARNING: Font "ZapfDingbats,normal,700" not found. Substituting with "ZapfDingbats,normal,400".
Aug 19, 2014 1:44:02 PM org.apache.fop.hyphenation.Hyphenator getHyphenationTree
SEVERE: Couldn't find hyphenation pattern en
Aug 19, 2014 1:44:03 PM org.apache.fop.events.LoggingEventListener processEvent
SEVERE: Invalid property value encountered in color="": org.apache.fop.fo.expr.PropertyException: No conversion defined ; property:'color' (See position -1:-1)
Aug 19, 2014 1:44:03 PM org.apache.fop.events.LoggingEventListener processEvent
SEVERE: Invalid property value encountered in color="": org.apache.fop.fo.expr.PropertyException: No conversion defined ; property:'color' (See position -1:-1)
Aug 19, 2014 1:44:03 PM org.apache.fop.events.LoggingEventListener processEvent
SEVERE: Invalid property value encountered in color="": org.apache.fop.fo.expr.PropertyException: No conversion defined ; property:'color' (See position -1:-1)
Aug 19, 2014 1:44:03 PM org.apache.fop.events.LoggingEventListener processEvent
WARNING: table-layout="fixed" and column-width unspecified => falling back to proportional-column-width(1) (See position -1:-1)
Aug 19, 2014 1:44:03 PM org.apache.fop.events.LoggingEventListener processEvent
WARNING: table-layout="fixed" and column-width unspecified => falling back to proportional-column-width(1) (See position -1:-1)
Aug 19, 2014 1:44:03 PM org.apache.fop.events.LoggingEventListener processEvent
WARNING: table-layout="fixed" and column-width unspecified => falling back to proportional-column-width(1) (See position -1:-1)
Aug 19, 2014 1:44:03 PM org.apache.fop.events.LoggingEventListener processEvent
WARNING: table-layout="fixed" and column-width unspecified => falling back to proportional-column-width(1) (See position -1:-1)
Aug 19, 2014 1:44:03 PM org.apache.fop.events.LoggingEventListener processEvent
WARNING: table-layout="fixed" and column-width unspecified => falling back to proportional-column-width(1) (See position -1:-1)
Aug 19, 2014 1:44:03 PM org.apache.fop.events.LoggingEventListener processEvent
WARNING: table-layout="fixed" and column-width unspecified => falling back to proportional-column-width(1) (See position -1:-1)
Aug 19, 2014 1:44:03 PM org.apache.fop.events.LoggingEventListener processEvent
WARNING: table-layout="fixed" and column-width unspecified => falling back to proportional-column-width(1) (See position -1:-1)
Aug 19, 2014 1:44:03 PM org.apache.fop.events.LoggingEventListener processEvent
WARNING: table-layout="fixed" and column-width unspecified => falling back to proportional-column-width(1) (See position -1:-1)
Aug 19, 2014 1:44:03 PM org.apache.fop.events.LoggingEventListener processEvent
WARNING: Line 1 of a paragraph overflows the available area by 4723 millipoints. (See position -1:-1)
Aug 19, 2014 1:44:03 PM org.apache.fop.events.LoggingEventListener processEvent
WARNING: Line 1 of a paragraph overflows the available area by 1953 millipoints. (See position -1:-1)
Aug 19, 2014 1:44:03 PM org.apache.fop.events.LoggingEventListener processEvent
WARNING: Line 1 of a paragraph overflows the available area by more than 50 points. (See position -1:-1)
Aug 19, 2014 1:44:03 PM org.apache.fop.events.LoggingEventListener processEvent
WARNING: Line 1 of a paragraph overflows the available area by 10283 millipoints. (See position -1:-1)
Aug 19, 2014 1:44:03 PM org.apache.fop.events.LoggingEventListener processEvent
WARNING: Line 1 of a paragraph overflows the available area by 25843 millipoints. (See position -1:-1)
Aug 19, 2014 1:44:03 PM org.apache.fop.events.LoggingEventListener processEvent
WARNING: Line 2 of a paragraph overflows the available area by 42513 millipoints. (See position -1:-1)
Aug 19, 2014 1:44:03 PM org.apache.fop.events.LoggingEventListener processEvent
SEVERE: Invalid property value encountered in color="": org.apache.fop.fo.expr.PropertyException: No conversion defined ; property:'color' (See position -1:-1)
Aug 19, 2014 1:44:03 PM org.apache.fop.events.LoggingEventListener processEvent
SEVERE: Invalid property value encountered in color="": org.apache.fop.fo.expr.PropertyException: No conversion defined ; property:'color' (See position -1:-1)
Aug 19, 2014 1:44:03 PM org.apache.fop.events.LoggingEventListener processEvent
WARNING: table-layout="fixed" and column-width unspecified => falling back to proportional-column-width(1) (See position -1:-1)
Aug 19, 2014 1:44:04 PM org.apache.fop.events.LoggingEventListener processEvent
WARNING: table-layout="fixed" and column-width unspecified => falling back to proportional-column-width(1) (See position -1:-1)
Aug 19, 2014 1:44:04 PM org.apache.fop.events.LoggingEventListener processEvent
WARNING: table-layout="fixed" and column-width unspecified => falling back to proportional-column-width(1) (See position -1:-1)
Aug 19, 2014 1:44:04 PM org.apache.fop.events.LoggingEventListener processEvent
SEVERE: Invalid property value encountered in color="": org.apache.fop.fo.expr.PropertyException: No conversion defined ; property:'color' (See position -1:-1)
Aug 19, 2014 1:44:04 PM org.apache.fop.events.LoggingEventListener processEvent
SEVERE: Invalid property value encountered in color="": org.apache.fop.fo.expr.PropertyException: No conversion defined ; property:'color' (See position -1:-1)
Aug 19, 2014 1:44:04 PM org.apache.fop.events.LoggingEventListener processEvent
SEVERE: Invalid property value encountered in color="": org.apache.fop.fo.expr.PropertyException: No conversion defined ; property:'color' (See position -1:-1)
Aug 19, 2014 1:44:04 PM org.apache.fop.events.LoggingEventListener processEvent
WARNING: The following feature isn't implemented by Apache FOP, yet: table-layout="auto" (on fo:table) (See position -1:-1)
Aug 19, 2014 1:44:04 PM org.apache.fop.events.LoggingEventListener processEvent
WARNING: The following feature isn't implemented by Apache FOP, yet: table-layout="auto" (on fo:table) (See position -1:-1)
Aug 19, 2014 1:44:04 PM org.apache.fop.events.LoggingEventListener processEvent
WARNING: The following feature isn't implemented by Apache FOP, yet: table-layout="auto" (on fo:table) (See position -1:-1)
Aug 19, 2014 1:44:04 PM org.apache.fop.events.LoggingEventListener processEvent
WARNING: The following feature isn't implemented by Apache FOP, yet: table-layout="auto" (on fo:table) (See position -1:-1)
Aug 19, 2014 1:44:04 PM org.apache.fop.events.LoggingEventListener processEvent
WARNING: Line 1 of a paragraph overflows the available area by more than 50 points. (See position -1:-1)
Aug 19, 2014 1:44:04 PM org.apache.fop.events.LoggingEventListener processEvent
WARNING: Line 1 of a paragraph overflows the available area by more than 50 points. (See position -1:-1)
Aug 19, 2014 1:44:04 PM org.apache.fop.events.LoggingEventListener processEvent
WARNING: Line 1 of a paragraph overflows the available area by more than 50 points. (See position -1:-1)
Aug 19, 2014 1:44:04 PM org.apache.fop.events.LoggingEventListener processEvent
WARNING: Line 1 of a paragraph overflows the available area by 26603 millipoints. (See position -1:-1)
Aug 19, 2014 1:44:04 PM org.apache.fop.events.LoggingEventListener processEvent
WARNING: Line 1 of a paragraph overflows the available area by 30203 millipoints. (See position -1:-1)
Aug 19, 2014 1:44:04 PM org.apache.fop.events.LoggingEventListener processEvent
WARNING: Line 1 of a paragraph overflows the available area by more than 50 points. (See position -1:-1)
Aug 19, 2014 1:44:04 PM org.apache.fop.events.LoggingEventListener processEvent
WARNING: Line 1 of a paragraph overflows the available area by more than 50 points. (See position -1:-1)
Aug 19, 2014 1:44:04 PM org.apache.fop.events.LoggingEventListener processEvent
WARNING: Line 1 of a paragraph overflows the available area by more than 50 points. (See position -1:-1)
Aug 19, 2014 1:44:04 PM org.apache.fop.events.LoggingEventListener processEvent
WARNING: Line 1 of a paragraph overflows the available area by more than 50 points. (See position -1:-1)
Aug 19, 2014 1:44:04 PM org.apache.fop.events.LoggingEventListener processEvent
WARNING: Line 1 of a paragraph overflows the available area by more than 50 points. (See position -1:-1)
Aug 19, 2014 1:44:04 PM org.apache.fop.events.LoggingEventListener processEvent
WARNING: Line 1 of a paragraph overflows the available area by more than 50 points. (See position -1:-1)
Aug 19, 2014 1:44:04 PM org.apache.fop.events.LoggingEventListener processEvent
WARNING: Line 1 of a paragraph overflows the available area by more than 50 points. (See position -1:-1)
Aug 19, 2014 1:44:05 PM org.apache.fop.events.LoggingEventListener processEvent
WARNING: Line 1 of a paragraph overflows the available area by 16382 millipoints. (See position -1:-1)
Aug 19, 2014 1:44:05 PM org.apache.fop.events.LoggingEventListener processEvent
WARNING: Line 1 of a paragraph overflows the available area by 16382 millipoints. (See position -1:-1)
Aug 19, 2014 1:44:05 PM org.apache.fop.events.LoggingEventListener processEvent
SEVERE: Invalid property value encountered in color="": org.apache.fop.fo.expr.PropertyException: No conversion defined ; property:'color' (See position -1:-1)
Aug 19, 2014 1:44:05 PM org.apache.fop.events.LoggingEventListener processEvent
SEVERE: Invalid property value encountered in color="": org.apache.fop.fo.expr.PropertyException: No conversion defined ; property:'color' (See position -1:-1)
Aug 19, 2014 1:44:05 PM org.apache.fop.events.LoggingEventListener processEvent
SEVERE: Invalid property value encountered in color="": org.apache.fop.fo.expr.PropertyException: No conversion defined ; property:'color' (See position -1:-1)
Aug 19, 2014 1:44:05 PM org.apache.fop.events.LoggingEventListener processEvent
SEVERE: Invalid property value encountered in color="": org.apache.fop.fo.expr.PropertyException: No conversion defined ; property:'color' (See position -1:-1)
Aug 19, 2014 1:44:05 PM org.apache.fop.events.LoggingEventListener processEvent
SEVERE: Invalid property value encountered in color="": org.apache.fop.fo.expr.PropertyException: No conversion defined ; property:'color' (See position -1:-1)
Aug 19, 2014 1:44:05 PM org.apache.fop.events.LoggingEventListener processEvent
SEVERE: Invalid property value encountered in color="": org.apache.fop.fo.expr.PropertyException: No conversion defined ; property:'color' (See position -1:-1)
Aug 19, 2014 1:44:05 PM org.apache.fop.events.LoggingEventListener processEvent
SEVERE: Invalid property value encountered in color="": org.apache.fop.fo.expr.PropertyException: No conversion defined ; property:'color' (See position -1:-1)
Aug 19, 2014 1:44:05 PM org.apache.fop.events.LoggingEventListener processEvent
SEVERE: Invalid property value encountered in color="": org.apache.fop.fo.expr.PropertyException: No conversion defined ; property:'color' (See position -1:-1)
Aug 19, 2014 1:44:05 PM org.apache.fop.events.LoggingEventListener processEvent
SEVERE: Invalid property value encountered in color="": org.apache.fop.fo.expr.PropertyException: No conversion defined ; property:'color' (See position -1:-1)
Aug 19, 2014 1:44:05 PM org.apache.fop.events.LoggingEventListener processEvent
SEVERE: Invalid property value encountered in color="": org.apache.fop.fo.expr.PropertyException: No conversion defined ; property:'color' (See position -1:-1)
Aug 19, 2014 1:44:05 PM org.apache.fop.events.LoggingEventListener processEvent
WARNING: table-layout="fixed" and column-width unspecified => falling back to proportional-column-width(1) (See position -1:-1)
Aug 19, 2014 1:44:05 PM org.apache.fop.events.LoggingEventListener processEvent
WARNING: table-layout="fixed" and column-width unspecified => falling back to proportional-column-width(1) (See position -1:-1)
Aug 19, 2014 1:44:05 PM org.apache.fop.events.LoggingEventListener processEvent
SEVERE: Invalid property value encountered in color="": org.apache.fop.fo.expr.PropertyException: No conversion defined ; property:'color' (See position -1:-1)
Aug 19, 2014 1:44:05 PM org.apache.fop.events.LoggingEventListener processEvent
WARNING: Line 2 of a paragraph overflows the available area by more than 50 points. (See position -1:-1)
Aug 19, 2014 1:44:05 PM org.apache.fop.events.LoggingEventListener processEvent
WARNING: Line 2 of a paragraph overflows the available area by more than 50 points. (See position -1:-1)
Aug 19, 2014 1:44:05 PM org.apache.fop.events.LoggingEventListener processEvent
WARNING: Line 2 of a paragraph overflows the available area by more than 50 points. (See position -1:-1)
Aug 19, 2014 1:44:06 PM org.apache.fop.events.LoggingEventListener processEvent
WARNING: Line 1 of a paragraph overflows the available area by 3282 millipoints. (See position -1:-1)
Aug 19, 2014 1:44:06 PM org.apache.fop.events.LoggingEventListener processEvent
SEVERE: Invalid property value encountered in color="": org.apache.fop.fo.expr.PropertyException: No conversion defined ; property:'color' (See position -1:-1)
Aug 19, 2014 1:44:06 PM org.apache.fop.events.LoggingEventListener processEvent
SEVERE: Invalid property value encountered in color="": org.apache.fop.fo.expr.PropertyException: No conversion defined ; property:'color' (See position -1:-1)
Aug 19, 2014 1:44:06 PM org.apache.fop.events.LoggingEventListener processEvent
SEVERE: Invalid property value encountered in color="": org.apache.fop.fo.expr.PropertyException: No conversion defined ; property:'color' (See position -1:-1)
Aug 19, 2014 1:44:06 PM org.apache.fop.events.LoggingEventListener processEvent
SEVERE: Invalid property value encountered in color="": org.apache.fop.fo.expr.PropertyException: No conversion defined ; property:'color' (See position -1:-1)
Aug 19, 2014 1:44:06 PM org.apache.fop.events.LoggingEventListener processEvent
WARNING: Line 1 of a paragraph overflows the available area by more than 50 points. (See position -1:-1)
Aug 19, 2014 1:44:06 PM org.apache.fop.events.LoggingEventListener processEvent
WARNING: Line 1 of a paragraph overflows the available area by more than 50 points. (See position -1:-1)
Aug 19, 2014 1:44:06 PM org.apache.fop.events.LoggingEventListener processEvent
SEVERE: Invalid property value encountered in color="": org.apache.fop.fo.expr.PropertyException: No conversion defined ; property:'color' (See position -1:-1)
Aug 19, 2014 1:44:06 PM org.apache.fop.events.LoggingEventListener processEvent
SEVERE: Invalid property value encountered in color="": org.apache.fop.fo.expr.PropertyException: No conversion defined ; property:'color' (See position -1:-1)
Aug 19, 2014 1:44:06 PM org.apache.fop.events.LoggingEventListener processEvent
SEVERE: Invalid property value encountered in color="": org.apache.fop.fo.expr.PropertyException: No conversion defined ; property:'color' (See position -1:-1)
Aug 19, 2014 1:44:06 PM org.apache.fop.events.LoggingEventListener processEvent
SEVERE: Invalid property value encountered in color="": org.apache.fop.fo.expr.PropertyException: No conversion defined ; property:'color' (See position -1:-1)
Aug 19, 2014 1:44:06 PM org.apache.fop.events.LoggingEventListener processEvent
WARNING: table-layout="fixed" and column-width unspecified => falling back to proportional-column-width(1) (See position -1:-1)
Aug 19, 2014 1:44:06 PM org.apache.fop.events.LoggingEventListener processEvent
WARNING: table-layout="fixed" and column-width unspecified => falling back to proportional-column-width(1) (See position -1:-1)
Aug 19, 2014 1:44:06 PM org.apache.fop.events.LoggingEventListener processEvent
WARNING: table-layout="fixed" and column-width unspecified => falling back to proportional-column-width(1) (See position -1:-1)
Aug 19, 2014 1:44:06 PM org.apache.fop.events.LoggingEventListener processEvent
WARNING: Line 1 of a paragraph overflows the available area by more than 50 points. (See position -1:-1)
Aug 19, 2014 1:44:06 PM org.apache.fop.events.LoggingEventListener processEvent
WARNING: Line 1 of a paragraph overflows the available area by more than 50 points. (See position -1:-1)
Aug 19, 2014 1:44:06 PM org.apache.fop.events.LoggingEventListener processEvent
WARNING: Line 1 of a paragraph overflows the available area by 9743 millipoints. (See position -1:-1)
Aug 19, 2014 1:44:06 PM org.apache.fop.events.LoggingEventListener processEvent
SEVERE: Invalid property value encountered in color="": org.apache.fop.fo.expr.PropertyException: No conversion defined ; property:'color' (See position -1:-1)
Aug 19, 2014 1:44:06 PM org.apache.fop.events.LoggingEventListener processEvent
SEVERE: Invalid property value encountered in color="": org.apache.fop.fo.expr.PropertyException: No conversion defined ; property:'color' (See position -1:-1)
Aug 19, 2014 1:44:06 PM org.apache.fop.events.LoggingEventListener processEvent
SEVERE: Invalid property value encountered in color="": org.apache.fop.fo.expr.PropertyException: No conversion defined ; property:'color' (See position -1:-1)
Aug 19, 2014 1:44:06 PM org.apache.fop.events.LoggingEventListener processEvent
SEVERE: Invalid property value encountered in color="": org.apache.fop.fo.expr.PropertyException: No conversion defined ; property:'color' (See position -1:-1)
Aug 19, 2014 1:44:06 PM org.apache.fop.events.LoggingEventListener processEvent
SEVERE: Invalid property value encountered in color="": org.apache.fop.fo.expr.PropertyException: No conversion defined ; property:'color' (See position -1:-1)
Aug 19, 2014 1:44:06 PM org.apache.fop.events.LoggingEventListener processEvent
SEVERE: Invalid property value encountered in color="": org.apache.fop.fo.expr.PropertyException: No conversion defined ; property:'color' (See position -1:-1)
Aug 19, 2014 1:44:06 PM org.apache.fop.events.LoggingEventListener processEvent
SEVERE: Invalid property value encountered in color="": org.apache.fop.fo.expr.PropertyException: No conversion defined ; property:'color' (See position -1:-1)
Aug 19, 2014 1:44:06 PM org.apache.fop.events.LoggingEventListener processEvent
SEVERE: Invalid property value encountered in color="": org.apache.fop.fo.expr.PropertyException: No conversion defined ; property:'color' (See position -1:-1)
Aug 19, 2014 1:44:06 PM org.apache.fop.events.LoggingEventListener processEvent
SEVERE: Invalid property value encountered in color="": org.apache.fop.fo.expr.PropertyException: No conversion defined ; property:'color' (See position -1:-1)
Aug 19, 2014 1:44:06 PM org.apache.fop.events.LoggingEventListener processEvent
WARNING: Line 2 of a paragraph overflows the available area by 33803 millipoints. (See position -1:-1)
Aug 19, 2014 1:44:06 PM org.apache.fop.events.LoggingEventListener processEvent
SEVERE: Invalid property value encountered in color="": org.apache.fop.fo.expr.PropertyException: No conversion defined ; property:'color' (See position -1:-1)
Aug 19, 2014 1:44:06 PM org.apache.fop.events.LoggingEventListener processEvent
SEVERE: Invalid property value encountered in color="": org.apache.fop.fo.expr.PropertyException: No conversion defined ; property:'color' (See position -1:-1)
Aug 19, 2014 1:44:06 PM org.apache.fop.events.LoggingEventListener processEvent
SEVERE: Invalid property value encountered in color="": org.apache.fop.fo.expr.PropertyException: No conversion defined ; property:'color' (See position -1:-1)
Aug 19, 2014 1:44:07 PM org.apache.fop.events.LoggingEventListener processEvent
WARNING: Line 1 of a paragraph overflows the available area by 42482 millipoints. (See position -1:-1)
Aug 19, 2014 1:44:07 PM org.apache.fop.events.LoggingEventListener processEvent
SEVERE: Invalid property value encountered in color="": org.apache.fop.fo.expr.PropertyException: No conversion defined ; property:'color' (See position -1:-1)
Aug 19, 2014 1:44:07 PM org.apache.fop.events.LoggingEventListener processEvent
WARNING: The following feature isn't implemented by Apache FOP, yet: table-layout="auto" (on fo:table) (See position -1:-1)
Aug 19, 2014 1:44:07 PM org.apache.fop.events.LoggingEventListener processEvent
WARNING: The following feature isn't implemented by Apache FOP, yet: table-layout="auto" (on fo:table) (See position -1:-1)
Aug 19, 2014 1:44:07 PM org.apache.fop.events.LoggingEventListener processEvent
SEVERE: Invalid property value encountered in color="": org.apache.fop.fo.expr.PropertyException: No conversion defined ; property:'color' (See position -1:-1)
Aug 19, 2014 1:44:07 PM org.apache.fop.events.LoggingEventListener processEvent
WARNING: Line 2 of a paragraph overflows the available area by more than 50 points. (See position -1:-1)
Aug 19, 2014 1:44:07 PM org.apache.fop.events.LoggingEventListener processEvent
WARNING: Line 2 of a paragraph overflows the available area by 6803 millipoints. (See position -1:-1)
Aug 19, 2014 1:44:07 PM org.apache.fop.events.LoggingEventListener processEvent
WARNING: Line 2 of a paragraph overflows the available area by more than 50 points. (See position -1:-1)
Aug 19, 2014 1:44:07 PM org.apache.fop.events.LoggingEventListener processEvent
WARNING: Line 2 of a paragraph overflows the available area by 6803 millipoints. (See position -1:-1)
Aug 19, 2014 1:44:07 PM org.apache.fop.events.LoggingEventListener processEvent
WARNING: Line 2 of a paragraph overflows the available area by more than 50 points. (See position -1:-1)
Aug 19, 2014 1:44:07 PM org.apache.fop.events.LoggingEventListener processEvent
WARNING: Line 2 of a paragraph overflows the available area by 6803 millipoints. (See position -1:-1)
Aug 19, 2014 1:44:07 PM org.apache.fop.events.LoggingEventListener processEvent
WARNING: Line 2 of a paragraph overflows the available area by more than 50 points. (See position -1:-1)
Aug 19, 2014 1:44:07 PM org.apache.fop.events.LoggingEventListener processEvent
WARNING: Line 2 of a paragraph overflows the available area by 6803 millipoints. (See position -1:-1)
Aug 19, 2014 1:44:07 PM org.apache.fop.events.LoggingEventListener processEvent
SEVERE: Invalid property value encountered in color="": org.apache.fop.fo.expr.PropertyException: No conversion defined ; property:'color' (See position -1:-1)
Aug 19, 2014 1:44:07 PM org.apache.fop.events.LoggingEventListener processEvent
WARNING: Line 4 of a paragraph overflows the available area by more than 50 points. (See position -1:-1)
Aug 19, 2014 1:44:07 PM org.apache.fop.events.LoggingEventListener processEvent
SEVERE: Invalid property value encountered in color="": org.apache.fop.fo.expr.PropertyException: No conversion defined ; property:'color' (See position -1:-1)
Aug 19, 2014 1:44:07 PM org.apache.fop.events.LoggingEventListener processEvent
SEVERE: Invalid property value encountered in color="": org.apache.fop.fo.expr.PropertyException: No conversion defined ; property:'color' (See position -1:-1)
Aug 19, 2014 1:44:07 PM org.apache.fop.events.LoggingEventListener processEvent
SEVERE: Invalid property value encountered in color="": org.apache.fop.fo.expr.PropertyException: No conversion defined ; property:'color' (See position -1:-1)
Aug 19, 2014 1:44:07 PM org.apache.fop.events.LoggingEventListener processEvent
SEVERE: Invalid property value encountered in color="": org.apache.fop.fo.expr.PropertyException: No conversion defined ; property:'color' (See position -1:-1)
Aug 19, 2014 1:44:07 PM org.apache.fop.events.LoggingEventListener processEvent
SEVERE: Invalid property value encountered in color="": org.apache.fop.fo.expr.PropertyException: No conversion defined ; property:'color' (See position -1:-1)
Aug 19, 2014 1:44:07 PM org.apache.fop.events.LoggingEventListener processEvent
SEVERE: Invalid property value encountered in color="": org.apache.fop.fo.expr.PropertyException: No conversion defined ; property:'color' (See position -1:-1)
Aug 19, 2014 1:44:07 PM org.apache.fop.events.LoggingEventListener processEvent
SEVERE: Invalid property value encountered in color="": org.apache.fop.fo.expr.PropertyException: No conversion defined ; property:'color' (See position -1:-1)
Aug 19, 2014 1:44:07 PM org.apache.fop.events.LoggingEventListener processEvent
SEVERE: Invalid property value encountered in color="": org.apache.fop.fo.expr.PropertyException: No conversion defined ; property:'color' (See position -1:-1)
Aug 19, 2014 1:44:07 PM org.apache.fop.events.LoggingEventListener processEvent
WARNING: The following feature isn't implemented by Apache FOP, yet: table-layout="auto" (on fo:table) (See position -1:-1)
Aug 19, 2014 1:44:07 PM org.apache.fop.events.LoggingEventListener processEvent
WARNING: The following feature isn't implemented by Apache FOP, yet: table-layout="auto" (on fo:table) (See position -1:-1)
Aug 19, 2014 1:44:07 PM org.apache.fop.events.LoggingEventListener processEvent
WARNING: The following feature isn't implemented by Apache FOP, yet: table-layout="auto" (on fo:table) (See position -1:-1)
Aug 19, 2014 1:44:07 PM org.apache.fop.events.LoggingEventListener processEvent
WARNING: The following feature isn't implemented by Apache FOP, yet: table-layout="auto" (on fo:table) (See position -1:-1)
Aug 19, 2014 1:44:07 PM org.apache.fop.events.LoggingEventListener processEvent
WARNING: The following feature isn't implemented by Apache FOP, yet: table-layout="auto" (on fo:table) (See position -1:-1)
Aug 19, 2014 1:44:07 PM org.apache.fop.events.LoggingEventListener processEvent
SEVERE: Invalid property value encountered in color="": org.apache.fop.fo.expr.PropertyException: No conversion defined ; property:'color' (See position -1:-1)
Aug 19, 2014 1:44:07 PM org.apache.fop.events.LoggingEventListener processEvent
WARNING: Line 2 of a paragraph overflows the available area by 6803 millipoints. (See position -1:-1)
Aug 19, 2014 1:44:08 PM org.apache.fop.events.LoggingEventListener processEvent
SEVERE: Invalid property value encountered in color="": org.apache.fop.fo.expr.PropertyException: No conversion defined ; property:'color' (See position -1:-1)
Aug 19, 2014 1:44:08 PM org.apache.fop.events.LoggingEventListener processEvent
SEVERE: Invalid property value encountered in color="": org.apache.fop.fo.expr.PropertyException: No conversion defined ; property:'color' (See position -1:-1)
Aug 19, 2014 1:44:08 PM org.apache.fop.events.LoggingEventListener processEvent
SEVERE: Invalid property value encountered in color="": org.apache.fop.fo.expr.PropertyException: No conversion defined ; property:'color' (See position -1:-1)
Aug 19, 2014 1:44:08 PM org.apache.fop.events.LoggingEventListener processEvent
SEVERE: Invalid property value encountered in color="": org.apache.fop.fo.expr.PropertyException: No conversion defined ; property:'color' (See position -1:-1)
Aug 19, 2014 1:44:08 PM org.apache.fop.events.LoggingEventListener processEvent
SEVERE: Invalid property value encountered in color="": org.apache.fop.fo.expr.PropertyException: No conversion defined ; property:'color' (See position -1:-1)
Aug 19, 2014 1:44:08 PM org.apache.fop.events.LoggingEventListener processEvent
SEVERE: Invalid property value encountered in color="": org.apache.fop.fo.expr.PropertyException: No conversion defined ; property:'color' (See position -1:-1)
